<?xml version="1.0" encoding="UTF-8"?>
<!-- Generated by org.testng.reporters.JUnitXMLReporter -->
<testsuite ignored="0" hostname="DESKTOP-FCGJ9OD" failures="0" tests="9" name="Default test" time="38.034" errors="0" timestamp="2022-07-12T19:46:13 IST">
  <testcase classname="pom.LoginTest" name="verifyLoginPageTitle" time="0.019"/>
  <testcase classname="pom.LoginTest" name="verifyLoginPageUrl" time="0.023"/>
  <testcase classname="pom.LoginTest" name="corectUserData" time="9.006"/>
  <testcase classname="pom.LoginTest" name="verifyHomePageTitle" time="0.029"/>
  <testcase classname="pom.LoginTest" name="verifyHomePageUrl" time="0.025"/>
  <testcase classname="pom.LoginTest" name="validUserNameAndInvalidPassword" time="1.531"/>
  <testcase classname="pom.LoginTest" name="InvalidUserNameAndInvalidPassword" time="1.711"/>
  <testcase classname="pom.LoginTest" name="nullUserNameAndValidPassword" time="0.465"/>
  <testcase classname="pom.LoginTest" name="nullUserData" time="0.332"/>
</testsuite> <!-- Default test -->
