<?xml version="1.0" encoding="UTF-8"?>
<testng-results ignored="0" total="4" passed="4" failed="0" skipped="0">
  <reporter-output>
  </reporter-output>
  <suite started-at="2022-07-18T16:29:56 IST" name="Suite" finished-at="2022-07-18T16:31:48 IST" duration-ms="112314">
    <groups>
    </groups>
    <test started-at="2022-07-18T16:29:56 IST" name="Test" finished-at="2022-07-18T16:31:23 IST" duration-ms="86726">
      <class name="testNG.NewTest">
        <test-method is-config="true" signature="beforeclass(java.lang.String)[pri:0, instance:testNG.NewTest@31304f14]" started-at="2022-07-18T16:29:56 IST" name="beforeclass" finished-at="2022-07-18T16:30:47 IST" duration-ms="51536" status="PASS">
          <params>
            <param index="0">
              <value>
                <![CDATA[chrome]]>
              </value>
            </param>
          </params>
          <reporter-output>
          </reporter-output>
        </test-method> <!-- beforeclass -->
        <test-method signature="testCase1()[pri:0, instance:testNG.NewTest@31304f14]" started-at="2022-07-18T16:30:47 IST" name="testCase1" finished-at="2022-07-18T16:31:03 IST" duration-ms="15929" status="PASS">
          <reporter-output>
          </reporter-output>
        </test-method> <!-- testCase1 -->
        <test-method signature="verfyTitle()[pri:0, instance:testNG.NewTest@31304f14]" started-at="2022-07-18T16:31:04 IST" name="verfyTitle" finished-at="2022-07-18T16:31:16 IST" duration-ms="12897" status="PASS">
          <reporter-output>
          </reporter-output>
        </test-method> <!-- verfyTitle -->
        <test-method is-config="true" signature="afterClass()[pri:0, instance:testNG.NewTest@31304f14]" started-at="2022-07-18T16:31:16 IST" name="afterClass" finished-at="2022-07-18T16:31:23 IST" duration-ms="6147" status="PASS">
          <reporter-output>
          </reporter-output>
        </test-method> <!-- afterClass -->
      </class> <!-- testNG.NewTest -->
    </test> <!-- Test -->
    <test started-at="2022-07-18T16:29:56 IST" name="Test1" finished-at="2022-07-18T16:31:48 IST" duration-ms="112314">
      <class name="testNG.NewTest">
        <test-method is-config="true" signature="beforeclass(java.lang.String)[pri:0, instance:testNG.NewTest@22555ebf]" started-at="2022-07-18T16:29:56 IST" name="beforeclass" finished-at="2022-07-18T16:31:32 IST" duration-ms="95596" status="PASS">
          <params>
            <param index="0">
              <value>
                <![CDATA[firefox]]>
              </value>
            </param>
          </params>
          <reporter-output>
          </reporter-output>
        </test-method> <!-- beforeclass -->
        <test-method signature="testCase1()[pri:0, instance:testNG.NewTest@22555ebf]" started-at="2022-07-18T16:31:32 IST" name="testCase1" finished-at="2022-07-18T16:31:42 IST" duration-ms="10135" status="PASS">
          <reporter-output>
          </reporter-output>
        </test-method> <!-- testCase1 -->
        <test-method signature="verfyTitle()[pri:0, instance:testNG.NewTest@22555ebf]" started-at="2022-07-18T16:31:42 IST" name="verfyTitle" finished-at="2022-07-18T16:31:42 IST" duration-ms="25" status="PASS">
          <reporter-output>
          </reporter-output>
        </test-method> <!-- verfyTitle -->
        <test-method is-config="true" signature="afterClass()[pri:0, instance:testNG.NewTest@22555ebf]" started-at="2022-07-18T16:31:42 IST" name="afterClass" finished-at="2022-07-18T16:31:48 IST" duration-ms="6510" status="PASS">
          <reporter-output>
          </reporter-output>
        </test-method> <!-- afterClass -->
      </class> <!-- testNG.NewTest -->
    </test> <!-- Test1 -->
  </suite> <!-- Suite -->
</testng-results>
